[2m17:01:03[22m [33m[1m[vite][22m[39m [33m[2m(client)[22m[39m [2m[console.warn] [22m[Vue Router warn]: The `next()` callback in navigation guards is deprecated. Return the value instead of calling `next(value)`.
[2m17:01:03[22m [33m[1m[vite][22m[39m [33m[2m(client)[22m[39m [2m[console.warn] [22m[Vue Router warn]: The `next()` callback in navigation guards is deprecated. Return the value instead of calling `next(value)`.
[2m17:01:15[22m [33m[1m[vite][22m[39m [33m[2m(client)[22m[39m [2m[console.warn] [22m[Vue Router warn]: The `next()` callback in navigation guards is deprecated. Return the value instead of calling `next(value)`.
[2m17:03:28[22m [33m[1m[vite][22m[39m [33m[2m(client)[22m[39m [2m[console.warn] [22m[Vue Router warn]: The `next()` callback in navigation guards is deprecated. Return the value instead of calling `next(value)`.
[2m17:03:28[22m [33m[1m[vite][22m[39m [33m[2m(client)[22m[39m [2m[console.warn] [22m[Vue Router warn]: The `next()` callback in navigation guards is deprecated. Return the value instead of calling `next(value)`.
[2m17:10:58[22m [33m[1m[vite][22m[39m [33m[2m(client)[22m[39m [2m[console.warn] [22m[Vue Router warn]: The `next()` callback in navigation guards is deprecated. Return the value instead of calling `next(value)`.
[2m17:10:58[22m [33m[1m[vite][22m[39m [33m[2m(client)[22m[39m [2m[console.warn] [22m[Vue Router warn]: The `next()` callback in navigation guards is deprecated. Return the value instead of calling `next(value)`.
[2m17:11:06[22m [33m[1m[vite][22m[39m [33m[2m(client)[22m[39m [2m[console.warn] [22m[Vue Router warn]: The `next()` callback in navigation guards is deprecated. Return the value instead of calling `next(value)`.
[2m17:18:58[22m [33m[1m[vite][22m[39m [33m[2m(client)[22m[39m [2m[console.warn] [22m[Vue Router warn]: The `next()` callback in navigation guards is deprecated. Return the value instead of calling `next(value)`.
[2m17:18:58[22m [33m[1m[vite][22m[39m [33m[2m(client)[22m[39m [2m[console.warn] [22m[Vue Router warn]: The `next()` callback in navigation guards is deprecated. Return the value instead of calling `next(value)`.
[2m17:19:04[22m [33m[1m[vite][22m[39m [33m[2m(client)[22m[39m [2m[console.warn] [22m[Vue Router warn]: The `next()` callback in navigation guards is deprecated. Return the value instead of calling `next(value)`.
[2m17:20:46[22m [33m[1m[vite][22m[39m [33m[2m(client)[22m[39m [2m[console.warn] [22m[Vue Router warn]: The `next()` callback in navigation guards is deprecated. Return the value instead of calling `next(value)`.
[2m17:20:46[22m [33m[1m[vite][22m[39m [33m[2m(client)[22m[39m [2m[console.warn] [22m[Vue Router warn]: The `next()` callback in navigation guards is deprecated. Return the value instead of calling `next(value)`.
[2m17:20:52[22m [33m[1m[vite][22m[39m [33m[2m(client)[22m[39m [2m[console.warn] [22m[Vue Router warn]: The `next()` callback in navigation guards is deprecated. Return the value instead of calling `next(value)`.
[2m17:22:37[22m [33m[1m[vite][22m[39m [33m[2m(client)[22m[39m [2m[console.warn] [22m[Vue Router warn]: The `next()` callback in navigation guards is deprecated. Return the value instead of calling `next(value)`.
[2m17:22:37[22m [33m[1m[vite][22m[39m [33m[2m(client)[22m[39m [2m[console.warn] [22m[Vue Router warn]: The `next()` callback in navigation guards is deprecated. Return the value instead of calling `next(value)`.
[2m17:22:38[22m [33m[1m[vite][22m[39m [33m[2m(client)[22m[39m [2m[console.warn] [22m[Vue Router warn]: The `next()` callback in navigation guards is deprecated. Return the value instead of calling `next(value)`.
[2m17:26:38[22m [31m[1m[vite][22m[39m [31m[2m(client)[22m[39m [2m[console.error] [22mWebSocket error: {"isTrusted":true}
[2m17:30:41[22m [31m[1m[vite][22m[39m [31m[2m(client)[22m[39m [2m[console.error] [22mWebSocket error: {"isTrusted":true}
[2m17:34:45[22m [31m[1m[vite][22m[39m [31m[2m(client)[22m[39m [2m[console.error] [22mWebSocket error: {"isTrusted":true}
[2m17:38:49[22m [31m[1m[vite][22m[39m [31m[2m(client)[22m[39m [2m[console.error] [22mWebSocket error: {"isTrusted":true}
[2m17:42:53[22m [31m[1m[vite][22m[39m [31m[2m(client)[22m[39m [2m[console.error] [22mWebSocket error: {"isTrusted":true}
[2m17:46:56[22m [31m[1m[vite][22m[39m [31m[2m(client)[22m[39m [2m[console.error] [22mWebSocket error: {"isTrusted":true}
[2m17:46:56[22m [33m[1m[vite][22m[39m [33m[2m(client)[22m[39m [2m[console.warn] [22mMax reconnect attempts reached
[2m17:56:54[22m [33m[1m[vite][22m[39m [33m[2m(client)[22m[39m [2m[console.warn] [22m[Vue Router warn]: The `next()` callback in navigation guards is deprecated. Return the value instead of calling `next(value)`.
[2m17:56:54[22m [33m[1m[vite][22m[39m [33m[2m(client)[22m[39m [2m[console.warn] [22m[Vue Router warn]: The `next()` callback in navigation guards is deprecated. Return the value instead of calling `next(value)`.
[2m17:56:55[22m [33m[1m[vite][22m[39m [33m[2m(client)[22m[39m [2m[console.warn] [22m[Vue Router warn]: The `next()` callback in navigation guards is deprecated. Return the value instead of calling `next(value)`.
[2m17:58:02[22m [31m[1m[vite][22m[39m [31m[2m(client)[22m[39m [2m[console.error] [22mWebSocket error: {"isTrusted":true}
[2m17:58:02[22m [33m[1m[vite][22m[39m [33m[2m(client)[22m[39m [2m[console.warn] [22m[Vue Router warn]: The `next()` callback in navigation guards is deprecated. Return the value instead of calling `next(value)`.
[2m17:58:42[22m [33m[1m[vite][22m[39m [33m[2m(client)[22m[39m [2m[console.warn] [22m[Vue Router warn]: The `next()` callback in navigation guards is deprecated. Return the value instead of calling `next(value)`.
[2m17:58:43[22m [31m[1m[vite][22m[39m [31m[2m(client)[22m[39m [2m[console.error] [22mWebSocket error: {"isTrusted":true}
[2m17:58:43[22m [33m[1m[vite][22m[39m [33m[2m(client)[22m[39m [2m[console.warn] [22m[Vue Router warn]: The `next()` callback in navigation guards is deprecated. Return the value instead of calling `next(value)`.
[2m17:58:43[22m [33m[1m[vite][22m[39m [33m[2m(client)[22m[39m [2m[console.warn] [22m[Vue Router warn]: The `next()` callback in navigation guards is deprecated. Return the value instead of calling `next(value)`.
[2m17:58:45[22m [31m[1m[vite][22m[39m [31m[2m(client)[22m[39m [2m[console.error] [22mWebSocket error: {"isTrusted":true}
[2m17:58:45[22m [33m[1m[vite][22m[39m [33m[2m(client)[22m[39m [2m[console.warn] [22m[Vue Router warn]: The `next()` callback in navigation guards is deprecated. Return the value instead of calling `next(value)`.
[2m17:58:45[22m [33m[1m[vite][22m[39m [33m[2m(client)[22m[39m [2m[console.warn] [22m[Vue Router warn]: The `next()` callback in navigation guards is deprecated. Return the value instead of calling `next(value)`.
[2m17:59:27[22m [31m[1m[vite][22m[39m [31m[2m(client)[22m[39m [2m[console.error] [22m[vite] ReferenceError: Cannot access 'Chat' before initialization
    at http://127.0.0.1:5174/src/router/index.ts?t=1779357567062:15:14
[2m17:59:27[22m [31m[1m[vite][22m[39m [31m[2m(client)[22m[39m [2m[console.error] [22m[vite] Failed to reload /src/views/Chat.vue. This could be due to syntax errors or importing non-existent modules. (see errors above)
[2m17:59:27[22m [33m[1m[vite][22m[39m [33m[2m(client)[22m[39m [2m[console.warn] [22m[Vue Router warn]: The `next()` callback in navigation guards is deprecated. Return the value instead of calling `next(value)`.
[2m17:59:27[22m [33m[1m[vite][22m[39m [33m[2m(client)[22m[39m [2m[console.warn] [22m[Vue Router warn]: The `next()` callback in navigation guards is deprecated. Return the value instead of calling `next(value)`.
[2m17:59:27[22m [33m[1m[vite][22m[39m [33m[2m(client)[22m[39m [2m[console.warn] [22m[Vue Router warn]: The `next()` callback in navigation guards is deprecated. Return the value instead of calling `next(value)`.
[2m18:01:17[22m [31m[1m[vite][22m[39m [31m[2m(client)[22m[39m [2m[console.error] [22m[vite] ReferenceError: Cannot access 'Chat' before initialization
    at http://127.0.0.1:5174/src/router/index.ts?t=1779357677219:15:14
[2m18:01:17[22m [31m[1m[vite][22m[39m [31m[2m(client)[22m[39m [2m[console.error] [22m[vite] Failed to reload /src/views/Chat.vue. This could be due to syntax errors or importing non-existent modules. (see errors above)
[2m18:01:17[22m [33m[1m[vite][22m[39m [33m[2m(client)[22m[39m [2m[console.warn] [22m[Vue Router warn]: The `next()` callback in navigation guards is deprecated. Return the value instead of calling `next(value)`.
[2m18:01:17[22m [33m[1m[vite][22m[39m [33m[2m(client)[22m[39m [2m[console.warn] [22m[Vue Router warn]: The `next()` callback in navigation guards is deprecated. Return the value instead of calling `next(value)`.
[2m18:01:17[22m [33m[1m[vite][22m[39m [33m[2m(client)[22m[39m [2m[console.warn] [22m[Vue Router warn]: The `next()` callback in navigation guards is deprecated. Return the value instead of calling `next(value)`.
[2m18:01:30[22m [33m[1m[vite][22m[39m [33m[2m(client)[22m[39m [2m[console.warn] [22m[Vue Router warn]: The `next()` callback in navigation guards is deprecated. Return the value instead of calling `next(value)`.
[2m18:01:30[22m [33m[1m[vite][22m[39m [33m[2m(client)[22m[39m [2m[console.warn] [22m[Vue Router warn]: The `next()` callback in navigation guards is deprecated. Return the value instead of calling `next(value)`.
[2m18:01:30[22m [33m[1m[vite][22m[39m [33m[2m(client)[22m[39m [2m[console.warn] [22m[Vue Router warn]: The `next()` callback in navigation guards is deprecated. Return the value instead of calling `next(value)`.
[2m18:02:22[22m [33m[1m[vite][22m[39m [33m[2m(client)[22m[39m [2m[console.warn] [22m[Vue Router warn]: The `next()` callback in navigation guards is deprecated. Return the value instead of calling `next(value)`.
[2m18:02:22[22m [33m[1m[vite][22m[39m [33m[2m(client)[22m[39m [2m[console.warn] [22m[Vue Router warn]: The `next()` callback in navigation guards is deprecated. Return the value instead of calling `next(value)`.
[2m18:02:22[22m [33m[1m[vite][22m[39m [33m[2m(client)[22m[39m [2m[console.warn] [22m[Vue Router warn]: The `next()` callback in navigation guards is deprecated. Return the value instead of calling `next(value)`.
[2m18:02:38[22m [31m[1m[vite][22m[39m [31m[2m(client)[22m[39m [2m[console.error] [22m[vite] ReferenceError: Cannot access 'Chat' before initialization
    at http://127.0.0.1:5174/src/router/index.ts?t=1779357758550:15:14
[2m18:02:38[22m [31m[1m[vite][22m[39m [31m[2m(client)[22m[39m [2m[console.error] [22m[vite] Failed to reload /src/views/Chat.vue. This could be due to syntax errors or importing non-existent modules. (see errors above)
[2m18:02:38[22m [33m[1m[vite][22m[39m [33m[2m(client)[22m[39m [2m[console.warn] [22m[Vue Router warn]: The `next()` callback in navigation guards is deprecated. Return the value instead of calling `next(value)`.
[2m18:02:38[22m [33m[1m[vite][22m[39m [33m[2m(client)[22m[39m [2m[console.warn] [22m[Vue Router warn]: The `next()` callback in navigation guards is deprecated. Return the value instead of calling `next(value)`.
[2m18:02:38[22m [33m[1m[vite][22m[39m [33m[2m(client)[22m[39m [2m[console.warn] [22m[Vue Router warn]: The `next()` callback in navigation guards is deprecated. Return the value instead of calling `next(value)`.
[2m18:02:46[22m [31m[1m[vite][22m[39m [31m[2m(client)[22m[39m [2m[console.error] [22m[vite] ReferenceError: Cannot access 'Chat' before initialization
    at http://127.0.0.1:5174/src/router/index.ts?t=1779357766232:15:14
[2m18:02:46[22m [31m[1m[vite][22m[39m [31m[2m(client)[22m[39m [2m[console.error] [22m[vite] Failed to reload /src/views/Chat.vue. This could be due to syntax errors or importing non-existent modules. (see errors above)
[2m18:02:46[22m [33m[1m[vite][22m[39m [33m[2m(client)[22m[39m [2m[console.warn] [22m[Vue Router warn]: The `next()` callback in navigation guards is deprecated. Return the value instead of calling `next(value)`.
[2m18:02:47[22m [33m[1m[vite][22m[39m [33m[2m(client)[22m[39m [2m[console.warn] [22m[Vue Router warn]: The `next()` callback in navigation guards is deprecated. Return the value instead of calling `next(value)`.
[2m18:02:47[22m [33m[1m[vite][22m[39m [33m[2m(client)[22m[39m [2m[console.warn] [22m[Vue Router warn]: The `next()` callback in navigation guards is deprecated. Return the value instead of calling `next(value)`.
[2m18:03:02[22m [31m[1m[vite][22m[39m [31m[2m(client)[22m[39m [2m[console.error] [22m[vite] ReferenceError: Cannot access 'Chat' before initialization
    at http://127.0.0.1:5174/src/router/index.ts?t=1779357782104:15:14
[2m18:03:02[22m [31m[1m[vite][22m[39m [31m[2m(client)[22m[39m [2m[console.error] [22m[vite] Failed to reload /src/views/Chat.vue. This could be due to syntax errors or importing non-existent modules. (see errors above)
[2m18:03:02[22m [33m[1m[vite][22m[39m [33m[2m(client)[22m[39m [2m[console.warn] [22m[Vue Router warn]: The `next()` callback in navigation guards is deprecated. Return the value instead of calling `next(value)`.
[2m18:03:03[22m [33m[1m[vite][22m[39m [33m[2m(client)[22m[39m [2m[console.warn] [22m[Vue Router warn]: The `next()` callback in navigation guards is deprecated. Return the value instead of calling `next(value)`.
[2m18:03:03[22m [33m[1m[vite][22m[39m [33m[2m(client)[22m[39m [2m[console.warn] [22m[Vue Router warn]: The `next()` callback in navigation guards is deprecated. Return the value instead of calling `next(value)`.
[2m18:05:19[22m [31m[1m[vite][22m[39m [31m[2m(client)[22m[39m [2m[console.error] [22m[vite] ReferenceError: Cannot access 'Chat' before initialization
    at http://127.0.0.1:5174/src/router/index.ts?t=1779357919389:15:14
[2m18:05:19[22m [31m[1m[vite][22m[39m [31m[2m(client)[22m[39m [2m[console.error] [22m[vite] Failed to reload /src/views/Chat.vue. This could be due to syntax errors or importing non-existent modules. (see errors above)
[2m18:05:19[22m [33m[1m[vite][22m[39m [33m[2m(client)[22m[39m [2m[console.warn] [22m[Vue Router warn]: The `next()` callback in navigation guards is deprecated. Return the value instead of calling `next(value)`.
[2m18:05:19[22m [33m[1m[vite][22m[39m [33m[2m(client)[22m[39m [2m[console.warn] [22m[Vue Router warn]: The `next()` callback in navigation guards is deprecated. Return the value instead of calling `next(value)`.
[2m18:05:19[22m [33m[1m[vite][22m[39m [33m[2m(client)[22m[39m [2m[console.warn] [22m[Vue Router warn]: The `next()` callback in navigation guards is deprecated. Return the value instead of calling `next(value)`.
[2m18:07:03[22m [31m[1m[vite][22m[39m [31m[2m(client)[22m[39m [2m[console.error] [22mWebSocket error: {"isTrusted":true}
[2m18:07:03[22m [33m[1m[vite][22m[39m [33m[2m(client)[22m[39m [2m[console.warn] [22m[Vue Router warn]: The `next()` callback in navigation guards is deprecated. Return the value instead of calling `next(value)`.
[2m18:07:03[22m [33m[1m[vite][22m[39m [33m[2m(client)[22m[39m [2m[console.warn] [22m[Vue Router warn]: The `next()` callback in navigation guards is deprecated. Return the value instead of calling `next(value)`.
[2m18:07:03[22m [33m[1m[vite][22m[39m [33m[2m(client)[22m[39m [2m[console.warn] [22m[Vue Router warn]: The `next()` callback in navigation guards is deprecated. Return the value instead of calling `next(value)`.
[2m18:09:20[22m [31m[1m[vite][22m[39m [31m[2m(client)[22m[39m [2m[console.error] [22mWebSocket error: {"isTrusted":true}
[2m18:11:06[22m [31m[1m[vite][22m[39m [31m[2m(client)[22m[39m [2m[console.error] [22mWebSocket error: {"isTrusted":true}
[2m18:13:23[22m [31m[1m[vite][22m[39m [31m[2m(client)[22m[39m [2m[console.error] [22mWebSocket error: {"isTrusted":true}
[2m18:15:10[22m [31m[1m[vite][22m[39m [31m[2m(client)[22m[39m [2m[console.error] [22mWebSocket error: {"isTrusted":true}
[2m18:17:27[22m [31m[1m[vite][22m[39m [31m[2m(client)[22m[39m [2m[console.error] [22mWebSocket error: {"isTrusted":true}
[2m18:19:14[22m [31m[1m[vite][22m[39m [31m[2m(client)[22m[39m [2m[console.error] [22mWebSocket error: {"isTrusted":true}
[2m18:21:31[22m [31m[1m[vite][22m[39m [31m[2m(client)[22m[39m [2m[console.error] [22mWebSocket error: {"isTrusted":true}
[2m18:23:18[22m [31m[1m[vite][22m[39m [31m[2m(client)[22m[39m [2m[console.error] [22mWebSocket error: {"isTrusted":true}
[2m18:25:35[22m [31m[1m[vite][22m[39m [31m[2m(client)[22m[39m [2m[console.error] [22mWebSocket error: {"isTrusted":true}
[2m18:27:22[22m [31m[1m[vite][22m[39m [31m[2m(client)[22m[39m [2m[console.error] [22mWebSocket error: {"isTrusted":true}
[2m18:27:22[22m [33m[1m[vite][22m[39m [33m[2m(client)[22m[39m [2m[console.warn] [22mMax reconnect attempts reached
[2m18:29:39[22m [31m[1m[vite][22m[39m [31m[2m(client)[22m[39m [2m[console.error] [22mWebSocket error: {"isTrusted":true}
[2m18:29:39[22m [33m[1m[vite][22m[39m [33m[2m(client)[22m[39m [2m[console.warn] [22mMax reconnect attempts reached
[2m09:47:59[22m [33m[1m[vite][22m[39m [33m[2m(client)[22m[39m [2m[console.warn] [22m[Vue Router warn]: The `next()` callback in navigation guards is deprecated. Return the value instead of calling `next(value)`.
[2m09:47:59[22m [33m[1m[vite][22m[39m [33m[2m(client)[22m[39m [2m[console.warn] [22m[Vue Router warn]: The `next()` callback in navigation guards is deprecated. Return the value instead of calling `next(value)`.
[2m09:47:59[22m [33m[1m[vite][22m[39m [33m[2m(client)[22m[39m [2m[console.warn] [22m[Vue Router warn]: The `next()` callback in navigation guards is deprecated. Return the value instead of calling `next(value)`.
[2m09:48:43[22m [33m[1m[vite][22m[39m [33m[2m(client)[22m[39m [2m[console.warn] [22m[Vue Router warn]: The `next()` callback in navigation guards is deprecated. Return the value instead of calling `next(value)`.
[2m09:48:43[22m [33m[1m[vite][22m[39m [33m[2m(client)[22m[39m [2m[console.warn] [22m[Vue Router warn]: The `next()` callback in navigation guards is deprecated. Return the value instead of calling `next(value)`.
[2m09:48:43[22m [33m[1m[vite][22m[39m [33m[2m(client)[22m[39m [2m[console.warn] [22m[Vue Router warn]: The `next()` callback in navigation guards is deprecated. Return the value instead of calling `next(value)`.
[2m09:49:01[22m [31m[1m[vite][22m[39m [31m[2m(client)[22m[39m [2m[console.error] [22mWebSocket error: {"isTrusted":true}
[2m09:49:01[22m [33m[1m[vite][22m[39m [33m[2m(client)[22m[39m [2m[console.warn] [22m[Vue Router warn]: The `next()` callback in navigation guards is deprecated. Return the value instead of calling `next(value)`.
[2m09:49:01[22m [33m[1m[vite][22m[39m [33m[2m(client)[22m[39m [2m[console.warn] [22m[Vue Router warn]: The `next()` callback in navigation guards is deprecated. Return the value instead of calling `next(value)`.
[2m09:49:02[22m [31m[1m[vite][22m[39m [31m[2m(client)[22m[39m [2m[console.error] [22mWebSocket error: {"isTrusted":true}
[2m09:49:02[22m [33m[1m[vite][22m[39m [33m[2m(client)[22m[39m [2m[console.warn] [22m[Vue Router warn]: The `next()` callback in navigation guards is deprecated. Return the value instead of calling `next(value)`.
[2m09:49:02[22m [33m[1m[vite][22m[39m [33m[2m(client)[22m[39m [2m[console.warn] [22m[Vue Router warn]: The `next()` callback in navigation guards is deprecated. Return the value instead of calling `next(value)`.
[2m09:49:03[22m [31m[1m[vite][22m[39m [31m[2m(client)[22m[39m [2m[console.error] [22mWebSocket error: {"isTrusted":true}
[2m09:49:03[22m [33m[1m[vite][22m[39m [33m[2m(client)[22m[39m [2m[console.warn] [22m[Vue Router warn]: The `next()` callback in navigation guards is deprecated. Return the value instead of calling `next(value)`.
[2m09:49:03[22m [33m[1m[vite][22m[39m [33m[2m(client)[22m[39m [2m[console.warn] [22m[Vue Router warn]: The `next()` callback in navigation guards is deprecated. Return the value instead of calling `next(value)`.
